============================================================
ðŸ“§ Gmail Watcher Starting
============================================================
Vault: /home/sk/projects/hacahthoon-0/personal-ai-employee/AI_Employee_Vault
Check interval: 120 seconds
Monitoring: Unread + Important emails
============================================================
Traceback (most recent call last):
  File "/home/sk/projects/hacahthoon-0/personal-ai-employee/AI_Employee_Vault/venv/lib/python3.12/site-packages/urllib3/connection.py", line 204, in _new_conn
    sock = connection.create_connection(
           ^^^^^^^^^^^^^^^^^^^^^^^^^^^^^
  File "/home/sk/projects/hacahthoon-0/personal-ai-employee/AI_Employee_Vault/venv/lib/python3.12/site-packages/urllib3/util/connection.py", line 60, in create_connection
    for res in socket.getaddrinfo(host, port, family, socket.SOCK_STREAM):
               ^^^^^^^^^^^^^^^^^^^^^^^^^^^^^^^^^^^^^^^^^^^^^^^^^^^^^^^^^^
  File "/usr/lib/python3.12/socket.py", line 963, in getaddrinfo
    for res in _socket.getaddrinfo(host, port, family, type, proto, flags):
               ^^^^^^^^^^^^^^^^^^^^^^^^^^^^^^^^^^^^^^^^^^^^^^^^^^^^^^^^^^^
socket.gaierror: [Errno -3] Temporary failure in name resolution

The above exception was the direct cause of the following exception:

Traceback (most recent call last):
  File "/home/sk/projects/hacahthoon-0/personal-ai-employee/AI_Employee_Vault/venv/lib/python3.12/site-packages/urllib3/connectionpool.py", line 787, in urlopen
    response = self._make_request(
               ^^^^^^^^^^^^^^^^^^^
  File "/home/sk/projects/hacahthoon-0/personal-ai-employee/AI_Employee_Vault/venv/lib/python3.12/site-packages/urllib3/connectionpool.py", line 488, in _make_request
    raise new_e
  File "/home/sk/projects/hacahthoon-0/personal-ai-employee/AI_Employee_Vault/venv/lib/python3.12/site-packages/urllib3/connectionpool.py", line 464, in _make_request
    self._validate_conn(conn)
  File "/home/sk/projects/hacahthoon-0/personal-ai-employee/AI_Employee_Vault/venv/lib/python3.12/site-packages/urllib3/connectionpool.py", line 1093, in _validate_conn
    conn.connect()
  File "/home/sk/projects/hacahthoon-0/personal-ai-employee/AI_Employee_Vault/venv/lib/python3.12/site-packages/urllib3/connection.py", line 759, in connect
    self.sock = sock = self._new_conn()
                       ^^^^^^^^^^^^^^^^
  File "/home/sk/projects/hacahthoon-0/personal-ai-employee/AI_Employee_Vault/venv/lib/python3.12/site-packages/urllib3/connection.py", line 211, in _new_conn
    raise NameResolutionError(self.host, self, e) from e
urllib3.exceptions.NameResolutionError: HTTPSConnection(host='oauth2.googleapis.com', port=443): Failed to resolve 'oauth2.googleapis.com' ([Errno -3] Temporary failure in name resolution)

The above exception was the direct cause of the following exception:

Traceback (most recent call last):
  File "/home/sk/projects/hacahthoon-0/personal-ai-employee/AI_Employee_Vault/venv/lib/python3.12/site-packages/requests/adapters.py", line 644, in send
    resp = conn.urlopen(
           ^^^^^^^^^^^^^
  File "/home/sk/projects/hacahthoon-0/personal-ai-employee/AI_Employee_Vault/venv/lib/python3.12/site-packages/urllib3/connectionpool.py", line 841, in urlopen
    retries = retries.increment(
              ^^^^^^^^^^^^^^^^^^
  File "/home/sk/projects/hacahthoon-0/personal-ai-employee/AI_Employee_Vault/venv/lib/python3.12/site-packages/urllib3/util/retry.py", line 535, in increment
    raise MaxRetryError(_pool, url, reason) from reason  # type: ignore[arg-type]
    ^^^^^^^^^^^^^^^^^^^^^^^^^^^^^^^^^^^^^^^^^^^^^^^^^^^
urllib3.exceptions.MaxRetryError: HTTPSConnectionPool(host='oauth2.googleapis.com', port=443): Max retries exceeded with url: /token (Caused by NameResolutionError("HTTPSConnection(host='oauth2.googleapis.com', port=443): Failed to resolve 'oauth2.googleapis.com' ([Errno -3] Temporary failure in name resolution)"))

During handling of the above exception, another exception occurred:

Traceback (most recent call last):
  File "/home/sk/projects/hacahthoon-0/personal-ai-employee/AI_Employee_Vault/venv/lib/python3.12/site-packages/google/auth/transport/requests.py", line 188, in __call__
    response = self.session.request(
               ^^^^^^^^^^^^^^^^^^^^^
  File "/home/sk/projects/hacahthoon-0/personal-ai-employee/AI_Employee_Vault/venv/lib/python3.12/site-packages/requests/sessions.py", line 589, in request
    resp = self.send(prep, **send_kwargs)
           ^^^^^^^^^^^^^^^^^^^^^^^^^^^^^^
  File "/home/sk/projects/hacahthoon-0/personal-ai-employee/AI_Employee_Vault/venv/lib/python3.12/site-packages/requests/sessions.py", line 703, in send
    r = adapter.send(request, **kwargs)
        ^^^^^^^^^^^^^^^^^^^^^^^^^^^^^^^
  File "/home/sk/projects/hacahthoon-0/personal-ai-employee/AI_Employee_Vault/venv/lib/python3.12/site-packages/requests/adapters.py", line 677, in send
    raise ConnectionError(e, request=request)
requests.exceptions.ConnectionError: HTTPSConnectionPool(host='oauth2.googleapis.com', port=443): Max retries exceeded with url: /token (Caused by NameResolutionError("HTTPSConnection(host='oauth2.googleapis.com', port=443): Failed to resolve 'oauth2.googleapis.com' ([Errno -3] Temporary failure in name resolution)"))

The above exception was the direct cause of the following exception:

Traceback (most recent call last):
  File "/home/sk/projects/hacahthoon-0/personal-ai-employee/AI_Employee_Vault/watchers/gmail_watcher.py", line 259, in <module>
    watcher.run()
  File "/home/sk/projects/hacahthoon-0/personal-ai-employee/AI_Employee_Vault/watchers/gmail_watcher.py", line 230, in run
    if not self.authenticate():
           ^^^^^^^^^^^^^^^^^^^
  File "/home/sk/projects/hacahthoon-0/personal-ai-employee/AI_Employee_Vault/watchers/gmail_watcher.py", line 69, in authenticate
    creds.refresh(Request())
  File "/home/sk/projects/hacahthoon-0/personal-ai-employee/AI_Employee_Vault/venv/lib/python3.12/site-packages/google/oauth2/credentials.py", line 412, in refresh
    ) = reauth.refresh_grant(
        ^^^^^^^^^^^^^^^^^^^^^
  File "/home/sk/projects/hacahthoon-0/personal-ai-employee/AI_Employee_Vault/venv/lib/python3.12/site-packages/google/oauth2/reauth.py", line 337, in refresh_grant
    ) = _client._token_endpoint_request_no_throw(
        ^^^^^^^^^^^^^^^^^^^^^^^^^^^^^^^^^^^^^^^^^
  File "/home/sk/projects/hacahthoon-0/personal-ai-employee/AI_Employee_Vault/venv/lib/python3.12/site-packages/google/oauth2/_client.py", line 192, in _token_endpoint_request_no_throw
    response = request(
               ^^^^^^^^
  File "/home/sk/projects/hacahthoon-0/personal-ai-employee/AI_Employee_Vault/venv/lib/python3.12/site-packages/google/auth/transport/requests.py", line 195, in __call__
    raise new_exc from caught_exc
google.auth.exceptions.TransportError: HTTPSConnectionPool(host='oauth2.googleapis.com', port=443): Max retries exceeded with url: /token (Caused by NameResolutionError("HTTPSConnection(host='oauth2.googleapis.com', port=443): Failed to resolve 'oauth2.googleapis.com' ([Errno -3] Temporary failure in name resolution)"))
============================================================
ðŸ“§ Gmail Watcher Starting
============================================================
Vault: /home/sk/projects/hacahthoon-0/personal-ai-employee/AI_Employee_Vault
Check interval: 120 seconds
Monitoring: Unread + Important emails
============================================================
Traceback (most recent call last):
  File "/home/sk/projects/hacahthoon-0/personal-ai-employee/AI_Employee_Vault/venv/lib/python3.12/site-packages/urllib3/connection.py", line 204, in _new_conn
    sock = connection.create_connection(
           ^^^^^^^^^^^^^^^^^^^^^^^^^^^^^
  File "/home/sk/projects/hacahthoon-0/personal-ai-employee/AI_Employee_Vault/venv/lib/python3.12/site-packages/urllib3/util/connection.py", line 60, in create_connection
    for res in socket.getaddrinfo(host, port, family, socket.SOCK_STREAM):
               ^^^^^^^^^^^^^^^^^^^^^^^^^^^^^^^^^^^^^^^^^^^^^^^^^^^^^^^^^^
  File "/usr/lib/python3.12/socket.py", line 963, in getaddrinfo
    for res in _socket.getaddrinfo(host, port, family, type, proto, flags):
               ^^^^^^^^^^^^^^^^^^^^^^^^^^^^^^^^^^^^^^^^^^^^^^^^^^^^^^^^^^^
socket.gaierror: [Errno -3] Temporary failure in name resolution

The above exception was the direct cause of the following exception:

Traceback (most recent call last):
  File "/home/sk/projects/hacahthoon-0/personal-ai-employee/AI_Employee_Vault/venv/lib/python3.12/site-packages/urllib3/connectionpool.py", line 787, in urlopen
    response = self._make_request(
               ^^^^^^^^^^^^^^^^^^^
  File "/home/sk/projects/hacahthoon-0/personal-ai-employee/AI_Employee_Vault/venv/lib/python3.12/site-packages/urllib3/connectionpool.py", line 488, in _make_request
    raise new_e
  File "/home/sk/projects/hacahthoon-0/personal-ai-employee/AI_Employee_Vault/venv/lib/python3.12/site-packages/urllib3/connectionpool.py", line 464, in _make_request
    self._validate_conn(conn)
  File "/home/sk/projects/hacahthoon-0/personal-ai-employee/AI_Employee_Vault/venv/lib/python3.12/site-packages/urllib3/connectionpool.py", line 1093, in _validate_conn
    conn.connect()
  File "/home/sk/projects/hacahthoon-0/personal-ai-employee/AI_Employee_Vault/venv/lib/python3.12/site-packages/urllib3/connection.py", line 759, in connect
    self.sock = sock = self._new_conn()
                       ^^^^^^^^^^^^^^^^
  File "/home/sk/projects/hacahthoon-0/personal-ai-employee/AI_Employee_Vault/venv/lib/python3.12/site-packages/urllib3/connection.py", line 211, in _new_conn
    raise NameResolutionError(self.host, self, e) from e
urllib3.exceptions.NameResolutionError: HTTPSConnection(host='oauth2.googleapis.com', port=443): Failed to resolve 'oauth2.googleapis.com' ([Errno -3] Temporary failure in name resolution)

The above exception was the direct cause of the following exception:

Traceback (most recent call last):
  File "/home/sk/projects/hacahthoon-0/personal-ai-employee/AI_Employee_Vault/venv/lib/python3.12/site-packages/requests/adapters.py", line 644, in send
    resp = conn.urlopen(
           ^^^^^^^^^^^^^
  File "/home/sk/projects/hacahthoon-0/personal-ai-employee/AI_Employee_Vault/venv/lib/python3.12/site-packages/urllib3/connectionpool.py", line 841, in urlopen
    retries = retries.increment(
              ^^^^^^^^^^^^^^^^^^
  File "/home/sk/projects/hacahthoon-0/personal-ai-employee/AI_Employee_Vault/venv/lib/python3.12/site-packages/urllib3/util/retry.py", line 535, in increment
    raise MaxRetryError(_pool, url, reason) from reason  # type: ignore[arg-type]
    ^^^^^^^^^^^^^^^^^^^^^^^^^^^^^^^^^^^^^^^^^^^^^^^^^^^
urllib3.exceptions.MaxRetryError: HTTPSConnectionPool(host='oauth2.googleapis.com', port=443): Max retries exceeded with url: /token (Caused by NameResolutionError("HTTPSConnection(host='oauth2.googleapis.com', port=443): Failed to resolve 'oauth2.googleapis.com' ([Errno -3] Temporary failure in name resolution)"))

During handling of the above exception, another exception occurred:

Traceback (most recent call last):
  File "/home/sk/projects/hacahthoon-0/personal-ai-employee/AI_Employee_Vault/venv/lib/python3.12/site-packages/google/auth/transport/requests.py", line 188, in __call__
    response = self.session.request(
               ^^^^^^^^^^^^^^^^^^^^^
  File "/home/sk/projects/hacahthoon-0/personal-ai-employee/AI_Employee_Vault/venv/lib/python3.12/site-packages/requests/sessions.py", line 589, in request
    resp = self.send(prep, **send_kwargs)
           ^^^^^^^^^^^^^^^^^^^^^^^^^^^^^^
  File "/home/sk/projects/hacahthoon-0/personal-ai-employee/AI_Employee_Vault/venv/lib/python3.12/site-packages/requests/sessions.py", line 703, in send
    r = adapter.send(request, **kwargs)
        ^^^^^^^^^^^^^^^^^^^^^^^^^^^^^^^
  File "/home/sk/projects/hacahthoon-0/personal-ai-employee/AI_Employee_Vault/venv/lib/python3.12/site-packages/requests/adapters.py", line 677, in send
    raise ConnectionError(e, request=request)
requests.exceptions.ConnectionError: HTTPSConnectionPool(host='oauth2.googleapis.com', port=443): Max retries exceeded with url: /token (Caused by NameResolutionError("HTTPSConnection(host='oauth2.googleapis.com', port=443): Failed to resolve 'oauth2.googleapis.com' ([Errno -3] Temporary failure in name resolution)"))

The above exception was the direct cause of the following exception:

Traceback (most recent call last):
  File "/home/sk/projects/hacahthoon-0/personal-ai-employee/AI_Employee_Vault/watchers/gmail_watcher.py", line 259, in <module>
    watcher.run()
  File "/home/sk/projects/hacahthoon-0/personal-ai-employee/AI_Employee_Vault/watchers/gmail_watcher.py", line 230, in run
    if not self.authenticate():
           ^^^^^^^^^^^^^^^^^^^
  File "/home/sk/projects/hacahthoon-0/personal-ai-employee/AI_Employee_Vault/watchers/gmail_watcher.py", line 69, in authenticate
    creds.refresh(Request())
  File "/home/sk/projects/hacahthoon-0/personal-ai-employee/AI_Employee_Vault/venv/lib/python3.12/site-packages/google/oauth2/credentials.py", line 412, in refresh
    ) = reauth.refresh_grant(
        ^^^^^^^^^^^^^^^^^^^^^
  File "/home/sk/projects/hacahthoon-0/personal-ai-employee/AI_Employee_Vault/venv/lib/python3.12/site-packages/google/oauth2/reauth.py", line 337, in refresh_grant
    ) = _client._token_endpoint_request_no_throw(
        ^^^^^^^^^^^^^^^^^^^^^^^^^^^^^^^^^^^^^^^^^
  File "/home/sk/projects/hacahthoon-0/personal-ai-employee/AI_Employee_Vault/venv/lib/python3.12/site-packages/google/oauth2/_client.py", line 192, in _token_endpoint_request_no_throw
    response = request(
               ^^^^^^^^
  File "/home/sk/projects/hacahthoon-0/personal-ai-employee/AI_Employee_Vault/venv/lib/python3.12/site-packages/google/auth/transport/requests.py", line 195, in __call__
    raise new_exc from caught_exc
google.auth.exceptions.TransportError: HTTPSConnectionPool(host='oauth2.googleapis.com', port=443): Max retries exceeded with url: /token (Caused by NameResolutionError("HTTPSConnection(host='oauth2.googleapis.com', port=443): Failed to resolve 'oauth2.googleapis.com' ([Errno -3] Temporary failure in name resolution)"))
============================================================
ðŸ“§ Gmail Watcher Starting
============================================================
Vault: /home/sk/projects/hacahthoon-0/personal-ai-employee/AI_Employee_Vault
Check interval: 120 seconds
Monitoring: Unread + Important emails
============================================================
Traceback (most recent call last):
  File "/home/sk/projects/hacahthoon-0/personal-ai-employee/AI_Employee_Vault/venv/lib/python3.12/site-packages/urllib3/connection.py", line 204, in _new_conn
    sock = connection.create_connection(
           ^^^^^^^^^^^^^^^^^^^^^^^^^^^^^
  File "/home/sk/projects/hacahthoon-0/personal-ai-employee/AI_Employee_Vault/venv/lib/python3.12/site-packages/urllib3/util/connection.py", line 60, in create_connection
    for res in socket.getaddrinfo(host, port, family, socket.SOCK_STREAM):
               ^^^^^^^^^^^^^^^^^^^^^^^^^^^^^^^^^^^^^^^^^^^^^^^^^^^^^^^^^^
  File "/usr/lib/python3.12/socket.py", line 963, in getaddrinfo
    for res in _socket.getaddrinfo(host, port, family, type, proto, flags):
               ^^^^^^^^^^^^^^^^^^^^^^^^^^^^^^^^^^^^^^^^^^^^^^^^^^^^^^^^^^^
socket.gaierror: [Errno -3] Temporary failure in name resolution

The above exception was the direct cause of the following exception:

Traceback (most recent call last):
  File "/home/sk/projects/hacahthoon-0/personal-ai-employee/AI_Employee_Vault/venv/lib/python3.12/site-packages/urllib3/connectionpool.py", line 787, in urlopen
    response = self._make_request(
               ^^^^^^^^^^^^^^^^^^^
  File "/home/sk/projects/hacahthoon-0/personal-ai-employee/AI_Employee_Vault/venv/lib/python3.12/site-packages/urllib3/connectionpool.py", line 488, in _make_request
    raise new_e
  File "/home/sk/projects/hacahthoon-0/personal-ai-employee/AI_Employee_Vault/venv/lib/python3.12/site-packages/urllib3/connectionpool.py", line 464, in _make_request
    self._validate_conn(conn)
  File "/home/sk/projects/hacahthoon-0/personal-ai-employee/AI_Employee_Vault/venv/lib/python3.12/site-packages/urllib3/connectionpool.py", line 1093, in _validate_conn
    conn.connect()
  File "/home/sk/projects/hacahthoon-0/personal-ai-employee/AI_Employee_Vault/venv/lib/python3.12/site-packages/urllib3/connection.py", line 759, in connect
    self.sock = sock = self._new_conn()
                       ^^^^^^^^^^^^^^^^
  File "/home/sk/projects/hacahthoon-0/personal-ai-employee/AI_Employee_Vault/venv/lib/python3.12/site-packages/urllib3/connection.py", line 211, in _new_conn
    raise NameResolutionError(self.host, self, e) from e
urllib3.exceptions.NameResolutionError: HTTPSConnection(host='oauth2.googleapis.com', port=443): Failed to resolve 'oauth2.googleapis.com' ([Errno -3] Temporary failure in name resolution)

The above exception was the direct cause of the following exception:

Traceback (most recent call last):
  File "/home/sk/projects/hacahthoon-0/personal-ai-employee/AI_Employee_Vault/venv/lib/python3.12/site-packages/requests/adapters.py", line 644, in send
    resp = conn.urlopen(
           ^^^^^^^^^^^^^
  File "/home/sk/projects/hacahthoon-0/personal-ai-employee/AI_Employee_Vault/venv/lib/python3.12/site-packages/urllib3/connectionpool.py", line 841, in urlopen
    retries = retries.increment(
              ^^^^^^^^^^^^^^^^^^
  File "/home/sk/projects/hacahthoon-0/personal-ai-employee/AI_Employee_Vault/venv/lib/python3.12/site-packages/urllib3/util/retry.py", line 535, in increment
    raise MaxRetryError(_pool, url, reason) from reason  # type: ignore[arg-type]
    ^^^^^^^^^^^^^^^^^^^^^^^^^^^^^^^^^^^^^^^^^^^^^^^^^^^
urllib3.exceptions.MaxRetryError: HTTPSConnectionPool(host='oauth2.googleapis.com', port=443): Max retries exceeded with url: /token (Caused by NameResolutionError("HTTPSConnection(host='oauth2.googleapis.com', port=443): Failed to resolve 'oauth2.googleapis.com' ([Errno -3] Temporary failure in name resolution)"))

During handling of the above exception, another exception occurred:

Traceback (most recent call last):
  File "/home/sk/projects/hacahthoon-0/personal-ai-employee/AI_Employee_Vault/venv/lib/python3.12/site-packages/google/auth/transport/requests.py", line 188, in __call__
    response = self.session.request(
               ^^^^^^^^^^^^^^^^^^^^^
  File "/home/sk/projects/hacahthoon-0/personal-ai-employee/AI_Employee_Vault/venv/lib/python3.12/site-packages/requests/sessions.py", line 589, in request
    resp = self.send(prep, **send_kwargs)
           ^^^^^^^^^^^^^^^^^^^^^^^^^^^^^^
  File "/home/sk/projects/hacahthoon-0/personal-ai-employee/AI_Employee_Vault/venv/lib/python3.12/site-packages/requests/sessions.py", line 703, in send
    r = adapter.send(request, **kwargs)
        ^^^^^^^^^^^^^^^^^^^^^^^^^^^^^^^
  File "/home/sk/projects/hacahthoon-0/personal-ai-employee/AI_Employee_Vault/venv/lib/python3.12/site-packages/requests/adapters.py", line 677, in send
    raise ConnectionError(e, request=request)
requests.exceptions.ConnectionError: HTTPSConnectionPool(host='oauth2.googleapis.com', port=443): Max retries exceeded with url: /token (Caused by NameResolutionError("HTTPSConnection(host='oauth2.googleapis.com', port=443): Failed to resolve 'oauth2.googleapis.com' ([Errno -3] Temporary failure in name resolution)"))

The above exception was the direct cause of the following exception:

Traceback (most recent call last):
  File "/home/sk/projects/hacahthoon-0/personal-ai-employee/AI_Employee_Vault/watchers/gmail_watcher.py", line 259, in <module>
    watcher.run()
  File "/home/sk/projects/hacahthoon-0/personal-ai-employee/AI_Employee_Vault/watchers/gmail_watcher.py", line 230, in run
    if not self.authenticate():
           ^^^^^^^^^^^^^^^^^^^
  File "/home/sk/projects/hacahthoon-0/personal-ai-employee/AI_Employee_Vault/watchers/gmail_watcher.py", line 69, in authenticate
    creds.refresh(Request())
  File "/home/sk/projects/hacahthoon-0/personal-ai-employee/AI_Employee_Vault/venv/lib/python3.12/site-packages/google/oauth2/credentials.py", line 412, in refresh
    ) = reauth.refresh_grant(
        ^^^^^^^^^^^^^^^^^^^^^
  File "/home/sk/projects/hacahthoon-0/personal-ai-employee/AI_Employee_Vault/venv/lib/python3.12/site-packages/google/oauth2/reauth.py", line 337, in refresh_grant
    ) = _client._token_endpoint_request_no_throw(
        ^^^^^^^^^^^^^^^^^^^^^^^^^^^^^^^^^^^^^^^^^
  File "/home/sk/projects/hacahthoon-0/personal-ai-employee/AI_Employee_Vault/venv/lib/python3.12/site-packages/google/oauth2/_client.py", line 192, in _token_endpoint_request_no_throw
    response = request(
               ^^^^^^^^
  File "/home/sk/projects/hacahthoon-0/personal-ai-employee/AI_Employee_Vault/venv/lib/python3.12/site-packages/google/auth/transport/requests.py", line 195, in __call__
    raise new_exc from caught_exc
google.auth.exceptions.TransportError: HTTPSConnectionPool(host='oauth2.googleapis.com', port=443): Max retries exceeded with url: /token (Caused by NameResolutionError("HTTPSConnection(host='oauth2.googleapis.com', port=443): Failed to resolve 'oauth2.googleapis.com' ([Errno -3] Temporary failure in name resolution)"))
============================================================
ðŸ“§ Gmail Watcher Starting
============================================================
Vault: /home/sk/projects/hacahthoon-0/personal-ai-employee/AI_Employee_Vault
Check interval: 120 seconds
Monitoring: Unread + Important emails
============================================================
Traceback (most recent call last):
  File "/home/sk/projects/hacahthoon-0/personal-ai-employee/AI_Employee_Vault/venv/lib/python3.12/site-packages/urllib3/connection.py", line 204, in _new_conn
    sock = connection.create_connection(
           ^^^^^^^^^^^^^^^^^^^^^^^^^^^^^
  File "/home/sk/projects/hacahthoon-0/personal-ai-employee/AI_Employee_Vault/venv/lib/python3.12/site-packages/urllib3/util/connection.py", line 60, in create_connection
    for res in socket.getaddrinfo(host, port, family, socket.SOCK_STREAM):
               ^^^^^^^^^^^^^^^^^^^^^^^^^^^^^^^^^^^^^^^^^^^^^^^^^^^^^^^^^^
  File "/usr/lib/python3.12/socket.py", line 963, in getaddrinfo
    for res in _socket.getaddrinfo(host, port, family, type, proto, flags):
               ^^^^^^^^^^^^^^^^^^^^^^^^^^^^^^^^^^^^^^^^^^^^^^^^^^^^^^^^^^^
socket.gaierror: [Errno -3] Temporary failure in name resolution

The above exception was the direct cause of the following exception:

Traceback (most recent call last):
  File "/home/sk/projects/hacahthoon-0/personal-ai-employee/AI_Employee_Vault/venv/lib/python3.12/site-packages/urllib3/connectionpool.py", line 787, in urlopen
    response = self._make_request(
               ^^^^^^^^^^^^^^^^^^^
  File "/home/sk/projects/hacahthoon-0/personal-ai-employee/AI_Employee_Vault/venv/lib/python3.12/site-packages/urllib3/connectionpool.py", line 488, in _make_request
    raise new_e
  File "/home/sk/projects/hacahthoon-0/personal-ai-employee/AI_Employee_Vault/venv/lib/python3.12/site-packages/urllib3/connectionpool.py", line 464, in _make_request
    self._validate_conn(conn)
  File "/home/sk/projects/hacahthoon-0/personal-ai-employee/AI_Employee_Vault/venv/lib/python3.12/site-packages/urllib3/connectionpool.py", line 1093, in _validate_conn
    conn.connect()
  File "/home/sk/projects/hacahthoon-0/personal-ai-employee/AI_Employee_Vault/venv/lib/python3.12/site-packages/urllib3/connection.py", line 759, in connect
    self.sock = sock = self._new_conn()
                       ^^^^^^^^^^^^^^^^
  File "/home/sk/projects/hacahthoon-0/personal-ai-employee/AI_Employee_Vault/venv/lib/python3.12/site-packages/urllib3/connection.py", line 211, in _new_conn
    raise NameResolutionError(self.host, self, e) from e
urllib3.exceptions.NameResolutionError: HTTPSConnection(host='oauth2.googleapis.com', port=443): Failed to resolve 'oauth2.googleapis.com' ([Errno -3] Temporary failure in name resolution)

The above exception was the direct cause of the following exception:

Traceback (most recent call last):
  File "/home/sk/projects/hacahthoon-0/personal-ai-employee/AI_Employee_Vault/venv/lib/python3.12/site-packages/requests/adapters.py", line 644, in send
    resp = conn.urlopen(
           ^^^^^^^^^^^^^
  File "/home/sk/projects/hacahthoon-0/personal-ai-employee/AI_Employee_Vault/venv/lib/python3.12/site-packages/urllib3/connectionpool.py", line 841, in urlopen
    retries = retries.increment(
              ^^^^^^^^^^^^^^^^^^
  File "/home/sk/projects/hacahthoon-0/personal-ai-employee/AI_Employee_Vault/venv/lib/python3.12/site-packages/urllib3/util/retry.py", line 535, in increment
    raise MaxRetryError(_pool, url, reason) from reason  # type: ignore[arg-type]
    ^^^^^^^^^^^^^^^^^^^^^^^^^^^^^^^^^^^^^^^^^^^^^^^^^^^
urllib3.exceptions.MaxRetryError: HTTPSConnectionPool(host='oauth2.googleapis.com', port=443): Max retries exceeded with url: /token (Caused by NameResolutionError("HTTPSConnection(host='oauth2.googleapis.com', port=443): Failed to resolve 'oauth2.googleapis.com' ([Errno -3] Temporary failure in name resolution)"))

During handling of the above exception, another exception occurred:

Traceback (most recent call last):
  File "/home/sk/projects/hacahthoon-0/personal-ai-employee/AI_Employee_Vault/venv/lib/python3.12/site-packages/google/auth/transport/requests.py", line 188, in __call__
    response = self.session.request(
               ^^^^^^^^^^^^^^^^^^^^^
  File "/home/sk/projects/hacahthoon-0/personal-ai-employee/AI_Employee_Vault/venv/lib/python3.12/site-packages/requests/sessions.py", line 589, in request
    resp = self.send(prep, **send_kwargs)
           ^^^^^^^^^^^^^^^^^^^^^^^^^^^^^^
  File "/home/sk/projects/hacahthoon-0/personal-ai-employee/AI_Employee_Vault/venv/lib/python3.12/site-packages/requests/sessions.py", line 703, in send
    r = adapter.send(request, **kwargs)
        ^^^^^^^^^^^^^^^^^^^^^^^^^^^^^^^
  File "/home/sk/projects/hacahthoon-0/personal-ai-employee/AI_Employee_Vault/venv/lib/python3.12/site-packages/requests/adapters.py", line 677, in send
    raise ConnectionError(e, request=request)
requests.exceptions.ConnectionError: HTTPSConnectionPool(host='oauth2.googleapis.com', port=443): Max retries exceeded with url: /token (Caused by NameResolutionError("HTTPSConnection(host='oauth2.googleapis.com', port=443): Failed to resolve 'oauth2.googleapis.com' ([Errno -3] Temporary failure in name resolution)"))

The above exception was the direct cause of the following exception:

Traceback (most recent call last):
  File "/home/sk/projects/hacahthoon-0/personal-ai-employee/AI_Employee_Vault/watchers/gmail_watcher.py", line 259, in <module>
    watcher.run()
  File "/home/sk/projects/hacahthoon-0/personal-ai-employee/AI_Employee_Vault/watchers/gmail_watcher.py", line 230, in run
    if not self.authenticate():
           ^^^^^^^^^^^^^^^^^^^
  File "/home/sk/projects/hacahthoon-0/personal-ai-employee/AI_Employee_Vault/watchers/gmail_watcher.py", line 69, in authenticate
    creds.refresh(Request())
  File "/home/sk/projects/hacahthoon-0/personal-ai-employee/AI_Employee_Vault/venv/lib/python3.12/site-packages/google/oauth2/credentials.py", line 412, in refresh
    ) = reauth.refresh_grant(
        ^^^^^^^^^^^^^^^^^^^^^
  File "/home/sk/projects/hacahthoon-0/personal-ai-employee/AI_Employee_Vault/venv/lib/python3.12/site-packages/google/oauth2/reauth.py", line 337, in refresh_grant
    ) = _client._token_endpoint_request_no_throw(
        ^^^^^^^^^^^^^^^^^^^^^^^^^^^^^^^^^^^^^^^^^
  File "/home/sk/projects/hacahthoon-0/personal-ai-employee/AI_Employee_Vault/venv/lib/python3.12/site-packages/google/oauth2/_client.py", line 192, in _token_endpoint_request_no_throw
    response = request(
               ^^^^^^^^
  File "/home/sk/projects/hacahthoon-0/personal-ai-employee/AI_Employee_Vault/venv/lib/python3.12/site-packages/google/auth/transport/requests.py", line 195, in __call__
    raise new_exc from caught_exc
google.auth.exceptions.TransportError: HTTPSConnectionPool(host='oauth2.googleapis.com', port=443): Max retries exceeded with url: /token (Caused by NameResolutionError("HTTPSConnection(host='oauth2.googleapis.com', port=443): Failed to resolve 'oauth2.googleapis.com' ([Errno -3] Temporary failure in name resolution)"))
============================================================
ðŸ“§ Gmail Watcher Starting
============================================================
Vault: /home/sk/projects/hacahthoon-0/personal-ai-employee/AI_Employee_Vault
Check interval: 120 seconds
Monitoring: Unread + Important emails
============================================================
Traceback (most recent call last):
  File "/home/sk/projects/hacahthoon-0/personal-ai-employee/AI_Employee_Vault/venv/lib/python3.12/site-packages/urllib3/connection.py", line 204, in _new_conn
    sock = connection.create_connection(
           ^^^^^^^^^^^^^^^^^^^^^^^^^^^^^
  File "/home/sk/projects/hacahthoon-0/personal-ai-employee/AI_Employee_Vault/venv/lib/python3.12/site-packages/urllib3/util/connection.py", line 60, in create_connection
    for res in socket.getaddrinfo(host, port, family, socket.SOCK_STREAM):
               ^^^^^^^^^^^^^^^^^^^^^^^^^^^^^^^^^^^^^^^^^^^^^^^^^^^^^^^^^^
  File "/usr/lib/python3.12/socket.py", line 963, in getaddrinfo
    for res in _socket.getaddrinfo(host, port, family, type, proto, flags):
               ^^^^^^^^^^^^^^^^^^^^^^^^^^^^^^^^^^^^^^^^^^^^^^^^^^^^^^^^^^^
socket.gaierror: [Errno -3] Temporary failure in name resolution

The above exception was the direct cause of the following exception:

Traceback (most recent call last):
  File "/home/sk/projects/hacahthoon-0/personal-ai-employee/AI_Employee_Vault/venv/lib/python3.12/site-packages/urllib3/connectionpool.py", line 787, in urlopen
    response = self._make_request(
               ^^^^^^^^^^^^^^^^^^^
  File "/home/sk/projects/hacahthoon-0/personal-ai-employee/AI_Employee_Vault/venv/lib/python3.12/site-packages/urllib3/connectionpool.py", line 488, in _make_request
    raise new_e
  File "/home/sk/projects/hacahthoon-0/personal-ai-employee/AI_Employee_Vault/venv/lib/python3.12/site-packages/urllib3/connectionpool.py", line 464, in _make_request
    self._validate_conn(conn)
  File "/home/sk/projects/hacahthoon-0/personal-ai-employee/AI_Employee_Vault/venv/lib/python3.12/site-packages/urllib3/connectionpool.py", line 1093, in _validate_conn
    conn.connect()
  File "/home/sk/projects/hacahthoon-0/personal-ai-employee/AI_Employee_Vault/venv/lib/python3.12/site-packages/urllib3/connection.py", line 759, in connect
    self.sock = sock = self._new_conn()
                       ^^^^^^^^^^^^^^^^
  File "/home/sk/projects/hacahthoon-0/personal-ai-employee/AI_Employee_Vault/venv/lib/python3.12/site-packages/urllib3/connection.py", line 211, in _new_conn
    raise NameResolutionError(self.host, self, e) from e
urllib3.exceptions.NameResolutionError: HTTPSConnection(host='oauth2.googleapis.com', port=443): Failed to resolve 'oauth2.googleapis.com' ([Errno -3] Temporary failure in name resolution)

The above exception was the direct cause of the following exception:

Traceback (most recent call last):
  File "/home/sk/projects/hacahthoon-0/personal-ai-employee/AI_Employee_Vault/venv/lib/python3.12/site-packages/requests/adapters.py", line 644, in send
    resp = conn.urlopen(
           ^^^^^^^^^^^^^
  File "/home/sk/projects/hacahthoon-0/personal-ai-employee/AI_Employee_Vault/venv/lib/python3.12/site-packages/urllib3/connectionpool.py", line 841, in urlopen
    retries = retries.increment(
              ^^^^^^^^^^^^^^^^^^
  File "/home/sk/projects/hacahthoon-0/personal-ai-employee/AI_Employee_Vault/venv/lib/python3.12/site-packages/urllib3/util/retry.py", line 535, in increment
    raise MaxRetryError(_pool, url, reason) from reason  # type: ignore[arg-type]
    ^^^^^^^^^^^^^^^^^^^^^^^^^^^^^^^^^^^^^^^^^^^^^^^^^^^
urllib3.exceptions.MaxRetryError: HTTPSConnectionPool(host='oauth2.googleapis.com', port=443): Max retries exceeded with url: /token (Caused by NameResolutionError("HTTPSConnection(host='oauth2.googleapis.com', port=443): Failed to resolve 'oauth2.googleapis.com' ([Errno -3] Temporary failure in name resolution)"))

During handling of the above exception, another exception occurred:

Traceback (most recent call last):
  File "/home/sk/projects/hacahthoon-0/personal-ai-employee/AI_Employee_Vault/venv/lib/python3.12/site-packages/google/auth/transport/requests.py", line 188, in __call__
    response = self.session.request(
               ^^^^^^^^^^^^^^^^^^^^^
  File "/home/sk/projects/hacahthoon-0/personal-ai-employee/AI_Employee_Vault/venv/lib/python3.12/site-packages/requests/sessions.py", line 589, in request
    resp = self.send(prep, **send_kwargs)
           ^^^^^^^^^^^^^^^^^^^^^^^^^^^^^^
  File "/home/sk/projects/hacahthoon-0/personal-ai-employee/AI_Employee_Vault/venv/lib/python3.12/site-packages/requests/sessions.py", line 703, in send
    r = adapter.send(request, **kwargs)
        ^^^^^^^^^^^^^^^^^^^^^^^^^^^^^^^
  File "/home/sk/projects/hacahthoon-0/personal-ai-employee/AI_Employee_Vault/venv/lib/python3.12/site-packages/requests/adapters.py", line 677, in send
    raise ConnectionError(e, request=request)
requests.exceptions.ConnectionError: HTTPSConnectionPool(host='oauth2.googleapis.com', port=443): Max retries exceeded with url: /token (Caused by NameResolutionError("HTTPSConnection(host='oauth2.googleapis.com', port=443): Failed to resolve 'oauth2.googleapis.com' ([Errno -3] Temporary failure in name resolution)"))

The above exception was the direct cause of the following exception:

Traceback (most recent call last):
  File "/home/sk/projects/hacahthoon-0/personal-ai-employee/AI_Employee_Vault/watchers/gmail_watcher.py", line 259, in <module>
    watcher.run()
  File "/home/sk/projects/hacahthoon-0/personal-ai-employee/AI_Employee_Vault/watchers/gmail_watcher.py", line 230, in run
    if not self.authenticate():
           ^^^^^^^^^^^^^^^^^^^
  File "/home/sk/projects/hacahthoon-0/personal-ai-employee/AI_Employee_Vault/watchers/gmail_watcher.py", line 69, in authenticate
    creds.refresh(Request())
  File "/home/sk/projects/hacahthoon-0/personal-ai-employee/AI_Employee_Vault/venv/lib/python3.12/site-packages/google/oauth2/credentials.py", line 412, in refresh
    ) = reauth.refresh_grant(
        ^^^^^^^^^^^^^^^^^^^^^
  File "/home/sk/projects/hacahthoon-0/personal-ai-employee/AI_Employee_Vault/venv/lib/python3.12/site-packages/google/oauth2/reauth.py", line 337, in refresh_grant
    ) = _client._token_endpoint_request_no_throw(
        ^^^^^^^^^^^^^^^^^^^^^^^^^^^^^^^^^^^^^^^^^
  File "/home/sk/projects/hacahthoon-0/personal-ai-employee/AI_Employee_Vault/venv/lib/python3.12/site-packages/google/oauth2/_client.py", line 192, in _token_endpoint_request_no_throw
    response = request(
               ^^^^^^^^
  File "/home/sk/projects/hacahthoon-0/personal-ai-employee/AI_Employee_Vault/venv/lib/python3.12/site-packages/google/auth/transport/requests.py", line 195, in __call__
    raise new_exc from caught_exc
google.auth.exceptions.TransportError: HTTPSConnectionPool(host='oauth2.googleapis.com', port=443): Max retries exceeded with url: /token (Caused by NameResolutionError("HTTPSConnection(host='oauth2.googleapis.com', port=443): Failed to resolve 'oauth2.googleapis.com' ([Errno -3] Temporary failure in name resolution)"))
============================================================
ðŸ“§ Gmail Watcher Starting
============================================================
Vault: /home/sk/projects/hacahthoon-0/personal-ai-employee/AI_Employee_Vault
Check interval: 120 seconds
Monitoring: Unread + Important emails
============================================================
Traceback (most recent call last):
  File "/home/sk/projects/hacahthoon-0/personal-ai-employee/AI_Employee_Vault/venv/lib/python3.12/site-packages/urllib3/connection.py", line 204, in _new_conn
    sock = connection.create_connection(
           ^^^^^^^^^^^^^^^^^^^^^^^^^^^^^
  File "/home/sk/projects/hacahthoon-0/personal-ai-employee/AI_Employee_Vault/venv/lib/python3.12/site-packages/urllib3/util/connection.py", line 85, in create_connection
    raise err
  File "/home/sk/projects/hacahthoon-0/personal-ai-employee/AI_Employee_Vault/venv/lib/python3.12/site-packages/urllib3/util/connection.py", line 73, in create_connection
    sock.connect(sa)
OSError: [Errno 101] Network is unreachable

The above exception was the direct cause of the following exception:

Traceback (most recent call last):
  File "/home/sk/projects/hacahthoon-0/personal-ai-employee/AI_Employee_Vault/venv/lib/python3.12/site-packages/urllib3/connectionpool.py", line 787, in urlopen
    response = self._make_request(
               ^^^^^^^^^^^^^^^^^^^
  File "/home/sk/projects/hacahthoon-0/personal-ai-employee/AI_Employee_Vault/venv/lib/python3.12/site-packages/urllib3/connectionpool.py", line 488, in _make_request
    raise new_e
  File "/home/sk/projects/hacahthoon-0/personal-ai-employee/AI_Employee_Vault/venv/lib/python3.12/site-packages/urllib3/connectionpool.py", line 464, in _make_request
    self._validate_conn(conn)
  File "/home/sk/projects/hacahthoon-0/personal-ai-employee/AI_Employee_Vault/venv/lib/python3.12/site-packages/urllib3/connectionpool.py", line 1093, in _validate_conn
    conn.connect()
  File "/home/sk/projects/hacahthoon-0/personal-ai-employee/AI_Employee_Vault/venv/lib/python3.12/site-packages/urllib3/connection.py", line 759, in connect
    self.sock = sock = self._new_conn()
                       ^^^^^^^^^^^^^^^^
  File "/home/sk/projects/hacahthoon-0/personal-ai-employee/AI_Employee_Vault/venv/lib/python3.12/site-packages/urllib3/connection.py", line 219, in _new_conn
    raise NewConnectionError(
urllib3.exceptions.NewConnectionError: HTTPSConnection(host='oauth2.googleapis.com', port=443): Failed to establish a new connection: [Errno 101] Network is unreachable

The above exception was the direct cause of the following exception:

Traceback (most recent call last):
  File "/home/sk/projects/hacahthoon-0/personal-ai-employee/AI_Employee_Vault/venv/lib/python3.12/site-packages/requests/adapters.py", line 644, in send
    resp = conn.urlopen(
           ^^^^^^^^^^^^^
  File "/home/sk/projects/hacahthoon-0/personal-ai-employee/AI_Employee_Vault/venv/lib/python3.12/site-packages/urllib3/connectionpool.py", line 841, in urlopen
    retries = retries.increment(
              ^^^^^^^^^^^^^^^^^^
  File "/home/sk/projects/hacahthoon-0/personal-ai-employee/AI_Employee_Vault/venv/lib/python3.12/site-packages/urllib3/util/retry.py", line 535, in increment
    raise MaxRetryError(_pool, url, reason) from reason  # type: ignore[arg-type]
    ^^^^^^^^^^^^^^^^^^^^^^^^^^^^^^^^^^^^^^^^^^^^^^^^^^^
urllib3.exceptions.MaxRetryError: HTTPSConnectionPool(host='oauth2.googleapis.com', port=443): Max retries exceeded with url: /token (Caused by NewConnectionError("HTTPSConnection(host='oauth2.googleapis.com', port=443): Failed to establish a new connection: [Errno 101] Network is unreachable"))

During handling of the above exception, another exception occurred:

Traceback (most recent call last):
  File "/home/sk/projects/hacahthoon-0/personal-ai-employee/AI_Employee_Vault/venv/lib/python3.12/site-packages/google/auth/transport/requests.py", line 188, in __call__
    response = self.session.request(
               ^^^^^^^^^^^^^^^^^^^^^
  File "/home/sk/projects/hacahthoon-0/personal-ai-employee/AI_Employee_Vault/venv/lib/python3.12/site-packages/requests/sessions.py", line 589, in request
    resp = self.send(prep, **send_kwargs)
           ^^^^^^^^^^^^^^^^^^^^^^^^^^^^^^
  File "/home/sk/projects/hacahthoon-0/personal-ai-employee/AI_Employee_Vault/venv/lib/python3.12/site-packages/requests/sessions.py", line 703, in send
    r = adapter.send(request, **kwargs)
        ^^^^^^^^^^^^^^^^^^^^^^^^^^^^^^^
  File "/home/sk/projects/hacahthoon-0/personal-ai-employee/AI_Employee_Vault/venv/lib/python3.12/site-packages/requests/adapters.py", line 677, in send
    raise ConnectionError(e, request=request)
requests.exceptions.ConnectionError: HTTPSConnectionPool(host='oauth2.googleapis.com', port=443): Max retries exceeded with url: /token (Caused by NewConnectionError("HTTPSConnection(host='oauth2.googleapis.com', port=443): Failed to establish a new connection: [Errno 101] Network is unreachable"))

The above exception was the direct cause of the following exception:

Traceback (most recent call last):
  File "/home/sk/projects/hacahthoon-0/personal-ai-employee/AI_Employee_Vault/watchers/gmail_watcher.py", line 259, in <module>
    watcher.run()
  File "/home/sk/projects/hacahthoon-0/personal-ai-employee/AI_Employee_Vault/watchers/gmail_watcher.py", line 230, in run
    if not self.authenticate():
           ^^^^^^^^^^^^^^^^^^^
  File "/home/sk/projects/hacahthoon-0/personal-ai-employee/AI_Employee_Vault/watchers/gmail_watcher.py", line 69, in authenticate
    creds.refresh(Request())
  File "/home/sk/projects/hacahthoon-0/personal-ai-employee/AI_Employee_Vault/venv/lib/python3.12/site-packages/google/oauth2/credentials.py", line 412, in refresh
    ) = reauth.refresh_grant(
        ^^^^^^^^^^^^^^^^^^^^^
  File "/home/sk/projects/hacahthoon-0/personal-ai-employee/AI_Employee_Vault/venv/lib/python3.12/site-packages/google/oauth2/reauth.py", line 337, in refresh_grant
    ) = _client._token_endpoint_request_no_throw(
        ^^^^^^^^^^^^^^^^^^^^^^^^^^^^^^^^^^^^^^^^^
  File "/home/sk/projects/hacahthoon-0/personal-ai-employee/AI_Employee_Vault/venv/lib/python3.12/site-packages/google/oauth2/_client.py", line 192, in _token_endpoint_request_no_throw
    response = request(
               ^^^^^^^^
  File "/home/sk/projects/hacahthoon-0/personal-ai-employee/AI_Employee_Vault/venv/lib/python3.12/site-packages/google/auth/transport/requests.py", line 195, in __call__
    raise new_exc from caught_exc
google.auth.exceptions.TransportError: HTTPSConnectionPool(host='oauth2.googleapis.com', port=443): Max retries exceeded with url: /token (Caused by NewConnectionError("HTTPSConnection(host='oauth2.googleapis.com', port=443): Failed to establish a new connection: [Errno 101] Network is unreachable"))
============================================================
ðŸ“§ Gmail Watcher Starting
============================================================
Vault: /home/sk/projects/hacahthoon-0/personal-ai-employee/AI_Employee_Vault
Check interval: 120 seconds
Monitoring: Unread + Important emails
============================================================
Traceback (most recent call last):
  File "/home/sk/projects/hacahthoon-0/personal-ai-employee/AI_Employee_Vault/venv/lib/python3.12/site-packages/urllib3/connection.py", line 204, in _new_conn
    sock = connection.create_connection(
           ^^^^^^^^^^^^^^^^^^^^^^^^^^^^^
  File "/home/sk/projects/hacahthoon-0/personal-ai-employee/AI_Employee_Vault/venv/lib/python3.12/site-packages/urllib3/util/connection.py", line 60, in create_connection
    for res in socket.getaddrinfo(host, port, family, socket.SOCK_STREAM):
               ^^^^^^^^^^^^^^^^^^^^^^^^^^^^^^^^^^^^^^^^^^^^^^^^^^^^^^^^^^
  File "/usr/lib/python3.12/socket.py", line 963, in getaddrinfo
    for res in _socket.getaddrinfo(host, port, family, type, proto, flags):
               ^^^^^^^^^^^^^^^^^^^^^^^^^^^^^^^^^^^^^^^^^^^^^^^^^^^^^^^^^^^
socket.gaierror: [Errno -3] Temporary failure in name resolution

The above exception was the direct cause of the following exception:

Traceback (most recent call last):
  File "/home/sk/projects/hacahthoon-0/personal-ai-employee/AI_Employee_Vault/venv/lib/python3.12/site-packages/urllib3/connectionpool.py", line 787, in urlopen
    response = self._make_request(
               ^^^^^^^^^^^^^^^^^^^
  File "/home/sk/projects/hacahthoon-0/personal-ai-employee/AI_Employee_Vault/venv/lib/python3.12/site-packages/urllib3/connectionpool.py", line 488, in _make_request
    raise new_e
  File "/home/sk/projects/hacahthoon-0/personal-ai-employee/AI_Employee_Vault/venv/lib/python3.12/site-packages/urllib3/connectionpool.py", line 464, in _make_request
    self._validate_conn(conn)
  File "/home/sk/projects/hacahthoon-0/personal-ai-employee/AI_Employee_Vault/venv/lib/python3.12/site-packages/urllib3/connectionpool.py", line 1093, in _validate_conn
    conn.connect()
  File "/home/sk/projects/hacahthoon-0/personal-ai-employee/AI_Employee_Vault/venv/lib/python3.12/site-packages/urllib3/connection.py", line 759, in connect
    self.sock = sock = self._new_conn()
                       ^^^^^^^^^^^^^^^^
  File "/home/sk/projects/hacahthoon-0/personal-ai-employee/AI_Employee_Vault/venv/lib/python3.12/site-packages/urllib3/connection.py", line 211, in _new_conn
    raise NameResolutionError(self.host, self, e) from e
urllib3.exceptions.NameResolutionError: HTTPSConnection(host='oauth2.googleapis.com', port=443): Failed to resolve 'oauth2.googleapis.com' ([Errno -3] Temporary failure in name resolution)

The above exception was the direct cause of the following exception:

Traceback (most recent call last):
  File "/home/sk/projects/hacahthoon-0/personal-ai-employee/AI_Employee_Vault/venv/lib/python3.12/site-packages/requests/adapters.py", line 644, in send
    resp = conn.urlopen(
           ^^^^^^^^^^^^^
  File "/home/sk/projects/hacahthoon-0/personal-ai-employee/AI_Employee_Vault/venv/lib/python3.12/site-packages/urllib3/connectionpool.py", line 841, in urlopen
    retries = retries.increment(
              ^^^^^^^^^^^^^^^^^^
  File "/home/sk/projects/hacahthoon-0/personal-ai-employee/AI_Employee_Vault/venv/lib/python3.12/site-packages/urllib3/util/retry.py", line 535, in increment
    raise MaxRetryError(_pool, url, reason) from reason  # type: ignore[arg-type]
    ^^^^^^^^^^^^^^^^^^^^^^^^^^^^^^^^^^^^^^^^^^^^^^^^^^^
urllib3.exceptions.MaxRetryError: HTTPSConnectionPool(host='oauth2.googleapis.com', port=443): Max retries exceeded with url: /token (Caused by NameResolutionError("HTTPSConnection(host='oauth2.googleapis.com', port=443): Failed to resolve 'oauth2.googleapis.com' ([Errno -3] Temporary failure in name resolution)"))

During handling of the above exception, another exception occurred:

Traceback (most recent call last):
  File "/home/sk/projects/hacahthoon-0/personal-ai-employee/AI_Employee_Vault/venv/lib/python3.12/site-packages/google/auth/transport/requests.py", line 188, in __call__
    response = self.session.request(
               ^^^^^^^^^^^^^^^^^^^^^
  File "/home/sk/projects/hacahthoon-0/personal-ai-employee/AI_Employee_Vault/venv/lib/python3.12/site-packages/requests/sessions.py", line 589, in request
    resp = self.send(prep, **send_kwargs)
           ^^^^^^^^^^^^^^^^^^^^^^^^^^^^^^
  File "/home/sk/projects/hacahthoon-0/personal-ai-employee/AI_Employee_Vault/venv/lib/python3.12/site-packages/requests/sessions.py", line 703, in send
    r = adapter.send(request, **kwargs)
        ^^^^^^^^^^^^^^^^^^^^^^^^^^^^^^^
  File "/home/sk/projects/hacahthoon-0/personal-ai-employee/AI_Employee_Vault/venv/lib/python3.12/site-packages/requests/adapters.py", line 677, in send
    raise ConnectionError(e, request=request)
requests.exceptions.ConnectionError: HTTPSConnectionPool(host='oauth2.googleapis.com', port=443): Max retries exceeded with url: /token (Caused by NameResolutionError("HTTPSConnection(host='oauth2.googleapis.com', port=443): Failed to resolve 'oauth2.googleapis.com' ([Errno -3] Temporary failure in name resolution)"))

The above exception was the direct cause of the following exception:

Traceback (most recent call last):
  File "/home/sk/projects/hacahthoon-0/personal-ai-employee/AI_Employee_Vault/watchers/gmail_watcher.py", line 259, in <module>
    watcher.run()
  File "/home/sk/projects/hacahthoon-0/personal-ai-employee/AI_Employee_Vault/watchers/gmail_watcher.py", line 230, in run
    if not self.authenticate():
           ^^^^^^^^^^^^^^^^^^^
  File "/home/sk/projects/hacahthoon-0/personal-ai-employee/AI_Employee_Vault/watchers/gmail_watcher.py", line 69, in authenticate
    creds.refresh(Request())
  File "/home/sk/projects/hacahthoon-0/personal-ai-employee/AI_Employee_Vault/venv/lib/python3.12/site-packages/google/oauth2/credentials.py", line 412, in refresh
    ) = reauth.refresh_grant(
        ^^^^^^^^^^^^^^^^^^^^^
  File "/home/sk/projects/hacahthoon-0/personal-ai-employee/AI_Employee_Vault/venv/lib/python3.12/site-packages/google/oauth2/reauth.py", line 337, in refresh_grant
    ) = _client._token_endpoint_request_no_throw(
        ^^^^^^^^^^^^^^^^^^^^^^^^^^^^^^^^^^^^^^^^^
  File "/home/sk/projects/hacahthoon-0/personal-ai-employee/AI_Employee_Vault/venv/lib/python3.12/site-packages/google/oauth2/_client.py", line 192, in _token_endpoint_request_no_throw
    response = request(
               ^^^^^^^^
  File "/home/sk/projects/hacahthoon-0/personal-ai-employee/AI_Employee_Vault/venv/lib/python3.12/site-packages/google/auth/transport/requests.py", line 195, in __call__
    raise new_exc from caught_exc
google.auth.exceptions.TransportError: HTTPSConnectionPool(host='oauth2.googleapis.com', port=443): Max retries exceeded with url: /token (Caused by NameResolutionError("HTTPSConnection(host='oauth2.googleapis.com', port=443): Failed to resolve 'oauth2.googleapis.com' ([Errno -3] Temporary failure in name resolution)"))
============================================================
ðŸ“§ Gmail Watcher Starting
============================================================
Vault: /home/sk/projects/hacahthoon-0/personal-ai-employee/AI_Employee_Vault
Check interval: 120 seconds
Monitoring: All unread emails (testing mode)
============================================================
Traceback (most recent call last):
  File "/home/sk/projects/hacahthoon-0/personal-ai-employee/AI_Employee_Vault/venv/lib/python3.12/site-packages/urllib3/connection.py", line 204, in _new_conn
    sock = connection.create_connection(
           ^^^^^^^^^^^^^^^^^^^^^^^^^^^^^
  File "/home/sk/projects/hacahthoon-0/personal-ai-employee/AI_Employee_Vault/venv/lib/python3.12/site-packages/urllib3/util/connection.py", line 60, in create_connection
    for res in socket.getaddrinfo(host, port, family, socket.SOCK_STREAM):
               ^^^^^^^^^^^^^^^^^^^^^^^^^^^^^^^^^^^^^^^^^^^^^^^^^^^^^^^^^^
  File "/usr/lib/python3.12/socket.py", line 963, in getaddrinfo
    for res in _socket.getaddrinfo(host, port, family, type, proto, flags):
               ^^^^^^^^^^^^^^^^^^^^^^^^^^^^^^^^^^^^^^^^^^^^^^^^^^^^^^^^^^^
socket.gaierror: [Errno -3] Temporary failure in name resolution

The above exception was the direct cause of the following exception:

Traceback (most recent call last):
  File "/home/sk/projects/hacahthoon-0/personal-ai-employee/AI_Employee_Vault/venv/lib/python3.12/site-packages/urllib3/connectionpool.py", line 787, in urlopen
    response = self._make_request(
               ^^^^^^^^^^^^^^^^^^^
  File "/home/sk/projects/hacahthoon-0/personal-ai-employee/AI_Employee_Vault/venv/lib/python3.12/site-packages/urllib3/connectionpool.py", line 488, in _make_request
    raise new_e
  File "/home/sk/projects/hacahthoon-0/personal-ai-employee/AI_Employee_Vault/venv/lib/python3.12/site-packages/urllib3/connectionpool.py", line 464, in _make_request
    self._validate_conn(conn)
  File "/home/sk/projects/hacahthoon-0/personal-ai-employee/AI_Employee_Vault/venv/lib/python3.12/site-packages/urllib3/connectionpool.py", line 1093, in _validate_conn
    conn.connect()
  File "/home/sk/projects/hacahthoon-0/personal-ai-employee/AI_Employee_Vault/venv/lib/python3.12/site-packages/urllib3/connection.py", line 759, in connect
    self.sock = sock = self._new_conn()
                       ^^^^^^^^^^^^^^^^
  File "/home/sk/projects/hacahthoon-0/personal-ai-employee/AI_Employee_Vault/venv/lib/python3.12/site-packages/urllib3/connection.py", line 211, in _new_conn
    raise NameResolutionError(self.host, self, e) from e
urllib3.exceptions.NameResolutionError: HTTPSConnection(host='oauth2.googleapis.com', port=443): Failed to resolve 'oauth2.googleapis.com' ([Errno -3] Temporary failure in name resolution)

The above exception was the direct cause of the following exception:

Traceback (most recent call last):
  File "/home/sk/projects/hacahthoon-0/personal-ai-employee/AI_Employee_Vault/venv/lib/python3.12/site-packages/requests/adapters.py", line 644, in send
    resp = conn.urlopen(
           ^^^^^^^^^^^^^
  File "/home/sk/projects/hacahthoon-0/personal-ai-employee/AI_Employee_Vault/venv/lib/python3.12/site-packages/urllib3/connectionpool.py", line 841, in urlopen
    retries = retries.increment(
              ^^^^^^^^^^^^^^^^^^
  File "/home/sk/projects/hacahthoon-0/personal-ai-employee/AI_Employee_Vault/venv/lib/python3.12/site-packages/urllib3/util/retry.py", line 535, in increment
    raise MaxRetryError(_pool, url, reason) from reason  # type: ignore[arg-type]
    ^^^^^^^^^^^^^^^^^^^^^^^^^^^^^^^^^^^^^^^^^^^^^^^^^^^
urllib3.exceptions.MaxRetryError: HTTPSConnectionPool(host='oauth2.googleapis.com', port=443): Max retries exceeded with url: /token (Caused by NameResolutionError("HTTPSConnection(host='oauth2.googleapis.com', port=443): Failed to resolve 'oauth2.googleapis.com' ([Errno -3] Temporary failure in name resolution)"))

During handling of the above exception, another exception occurred:

Traceback (most recent call last):
  File "/home/sk/projects/hacahthoon-0/personal-ai-employee/AI_Employee_Vault/venv/lib/python3.12/site-packages/google/auth/transport/requests.py", line 188, in __call__
    response = self.session.request(
               ^^^^^^^^^^^^^^^^^^^^^
  File "/home/sk/projects/hacahthoon-0/personal-ai-employee/AI_Employee_Vault/venv/lib/python3.12/site-packages/requests/sessions.py", line 589, in request
    resp = self.send(prep, **send_kwargs)
           ^^^^^^^^^^^^^^^^^^^^^^^^^^^^^^
  File "/home/sk/projects/hacahthoon-0/personal-ai-employee/AI_Employee_Vault/venv/lib/python3.12/site-packages/requests/sessions.py", line 703, in send
    r = adapter.send(request, **kwargs)
        ^^^^^^^^^^^^^^^^^^^^^^^^^^^^^^^
  File "/home/sk/projects/hacahthoon-0/personal-ai-employee/AI_Employee_Vault/venv/lib/python3.12/site-packages/requests/adapters.py", line 677, in send
    raise ConnectionError(e, request=request)
requests.exceptions.ConnectionError: HTTPSConnectionPool(host='oauth2.googleapis.com', port=443): Max retries exceeded with url: /token (Caused by NameResolutionError("HTTPSConnection(host='oauth2.googleapis.com', port=443): Failed to resolve 'oauth2.googleapis.com' ([Errno -3] Temporary failure in name resolution)"))

The above exception was the direct cause of the following exception:

Traceback (most recent call last):
  File "/home/sk/projects/hacahthoon-0/personal-ai-employee/AI_Employee_Vault/watchers/gmail_watcher.py", line 259, in <module>
    watcher.run()
  File "/home/sk/projects/hacahthoon-0/personal-ai-employee/AI_Employee_Vault/watchers/gmail_watcher.py", line 230, in run
    if not self.authenticate():
           ^^^^^^^^^^^^^^^^^^^
  File "/home/sk/projects/hacahthoon-0/personal-ai-employee/AI_Employee_Vault/watchers/gmail_watcher.py", line 69, in authenticate
    creds.refresh(Request())
  File "/home/sk/projects/hacahthoon-0/personal-ai-employee/AI_Employee_Vault/venv/lib/python3.12/site-packages/google/oauth2/credentials.py", line 412, in refresh
    ) = reauth.refresh_grant(
        ^^^^^^^^^^^^^^^^^^^^^
  File "/home/sk/projects/hacahthoon-0/personal-ai-employee/AI_Employee_Vault/venv/lib/python3.12/site-packages/google/oauth2/reauth.py", line 337, in refresh_grant
    ) = _client._token_endpoint_request_no_throw(
        ^^^^^^^^^^^^^^^^^^^^^^^^^^^^^^^^^^^^^^^^^
  File "/home/sk/projects/hacahthoon-0/personal-ai-employee/AI_Employee_Vault/venv/lib/python3.12/site-packages/google/oauth2/_client.py", line 192, in _token_endpoint_request_no_throw
    response = request(
               ^^^^^^^^
  File "/home/sk/projects/hacahthoon-0/personal-ai-employee/AI_Employee_Vault/venv/lib/python3.12/site-packages/google/auth/transport/requests.py", line 195, in __call__
    raise new_exc from caught_exc
google.auth.exceptions.TransportError: HTTPSConnectionPool(host='oauth2.googleapis.com', port=443): Max retries exceeded with url: /token (Caused by NameResolutionError("HTTPSConnection(host='oauth2.googleapis.com', port=443): Failed to resolve 'oauth2.googleapis.com' ([Errno -3] Temporary failure in name resolution)"))
[Mon Feb 16 19:07:58 PKT 2026] Gmail Watcher started
[Mon Feb 16 19:08:01 PKT 2026] Gmail Watcher already running, skipping
